#
# There is insufficient memory for the Java Runtime Environment to continue.
# Native memory allocation (malloc) failed to allocate 1048576 bytes for AllocateHeap
# Possible reasons:
#   The system is out of physical RAM or swap space
#   In 32 bit mode, the process size limit was hit
# Possible solutions:
#   Reduce memory load on the system
#   Increase physical memory or swap space
#   Check if swap backing store is full
#   Use 64 bit Java on a 64 bit OS
#   Decrease Java heap size (-Xmx/-Xms)
#   Decrease number of Java threads
#   Decrease Java thread stack sizes (-Xss)
#   Set larger code cache with -XX:ReservedCodeCacheSize=
# This output file may be truncated or incomplete.
#
#  Out of Memory Error (memory/allocation.inline.hpp:61), pid=22044, tid=30800
#
# JRE version:  (8.0_51-b16) (build )
# Java VM: Java HotSpot(TM) 64-Bit Server VM (25.51-b03 mixed mode windows-amd64 compressed oops)
# Failed to write core dump. Minidumps are not enabled by default on client versions of Windows
#

---------------  T H R E A D  ---------------

Current thread (0x00000000009de000):  JavaThread "Unknown thread" [_thread_in_vm, id=30800, stack(0x0000000002640000,0x0000000002740000)]

Stack: [0x0000000002640000,0x0000000002740000]
Native frames: (J=compiled Java code, j=interpreted, Vv=VM code, C=native code)
V  [jvm.dll+0x32b4ca]
V  [jvm.dll+0x2797e3]
V  [jvm.dll+0x27a479]
V  [jvm.dll+0x271765]
V  [jvm.dll+0x1606]
V  [jvm.dll+0x2707d2]
V  [jvm.dll+0x3eec6a]
V  [jvm.dll+0x3ea537]
V  [jvm.dll+0xf2c22]
V  [jvm.dll+0x20f0a9]
V  [jvm.dll+0x240d2a]
V  [jvm.dll+0x15b9a1]
C  [java.exe+0x216e]
C  [java.exe+0xcd07]
C  [java.exe+0xcd9b]
C  [KERNEL32.DLL+0x8364]
C  [ntdll.dll+0x65e91]


---------------  P R O C E S S  ---------------

Java Threads: ( => current thread )

Other Threads:

=>0x00000000009de000 (exited) JavaThread "Unknown thread" [_thread_in_vm, id=30800, stack(0x0000000002640000,0x0000000002740000)]

VM state:not at safepoint (normal execution)

VM Mutex/Monitor currently owned by a thread: None

Heap:
 PSYoungGen      total 76288K, used 1310K [0x00000000eab00000, 0x00000000f0000000, 0x0000000100000000)
  eden space 65536K, 2% used [0x00000000eab00000,0x00000000eac47af0,0x00000000eeb00000)
  from space 10752K, 0% used [0x00000000ef580000,0x00000000ef580000,0x00000000f0000000)
  to   space 10752K, 0% used [0x00000000eeb00000,0x00000000eeb00000,0x00000000ef580000)
 ParOldGen       total 175104K, used 0K [0x00000000c0000000, 0x00000000cab00000, 0x00000000eab00000)
  object space 175104K, 0% used [0x00000000c0000000,0x00000000c0000000,0x00000000cab00000)
 Metaspace       used 766K, capacity 4480K, committed 4480K, reserved 1056768K
  class space    used 75K, capacity 384K, committed 384K, reserved 1048576K

Card table byte_map: [0x0000000011c00000,0x0000000011e10000] byte_map_base: 0x0000000011600000

Marking Bits: (ParMarkBitMap*) 0x0000000077574040
 Begin Bits: [0x0000000012770000, 0x0000000013770000)
 End Bits:   [0x0000000013770000, 0x0000000014770000)

Polling page: 0x0000000000d80000

CodeCache: size=245760Kb used=328Kb max_used=328Kb free=245431Kb
 bounds [0x0000000002840000, 0x0000000002ab0000, 0x0000000011840000]
 total_blobs=57 nmethods=0 adapters=37
 compilation: enabled

Compilation events (0 events):
No events

GC Heap History (0 events):
No events

Deoptimization events (0 events):
No events

Internal exceptions (0 events):
No events

Events (10 events):
Event: 0.087 loading class java/lang/Short
Event: 0.087 loading class java/lang/Short done
Event: 0.087 loading class java/lang/Integer
Event: 0.087 loading class java/lang/Integer done
Event: 0.087 loading class java/lang/Long
Event: 0.088 loading class java/lang/Long done
Event: 0.089 loading class java/lang/NullPointerException
Event: 0.097 loading class java/lang/NullPointerException done
Event: 0.097 loading class java/lang/ArithmeticException
Event: 0.097 loading class java/lang/ArithmeticException done


Dynamic libraries:
0x00007ff790050000 - 0x00007ff790087000 	C:\Program Files\Java\jdk1.8.0_51\bin\java.exe
0x00007ff813a20000 - 0x00007ff813bf1000 	C:\WINDOWS\SYSTEM32\ntdll.dll
0x00007ff8110e0000 - 0x00007ff81118b000 	C:\WINDOWS\System32\KERNEL32.DLL
0x00007ff810c80000 - 0x00007ff810e9d000 	C:\WINDOWS\System32\KERNELBASE.dll
0x00007ff811f70000 - 0x00007ff812012000 	C:\WINDOWS\System32\ADVAPI32.dll
0x00007ff812020000 - 0x00007ff8120be000 	C:\WINDOWS\System32\msvcrt.dll
0x00007ff811f10000 - 0x00007ff811f69000 	C:\WINDOWS\System32\sechost.dll
0x00007ff811460000 - 0x00007ff811581000 	C:\WINDOWS\System32\RPCRT4.dll
0x00007ff8138b0000 - 0x00007ff813a15000 	C:\WINDOWS\System32\USER32.dll
0x00007ff810c60000 - 0x00007ff810c7e000 	C:\WINDOWS\System32\win32u.dll
0x00007ff811070000 - 0x00007ff8110a4000 	C:\WINDOWS\System32\GDI32.dll
0x00007ff810290000 - 0x00007ff810412000 	C:\WINDOWS\System32\gdi32full.dll
0x00007ff80c290000 - 0x00007ff80c509000 	C:\WINDOWS\WinSxS\amd64_microsoft.windows.common-controls_6595b64144ccf1df_6.0.14393.447_none_42191651c6827bb3\COMCTL32.dll
0x00007ff8115f0000 - 0x00007ff8118b7000 	C:\WINDOWS\System32\combase.dll
0x00007ff810b60000 - 0x00007ff810c55000 	C:\WINDOWS\System32\ucrtbase.dll
0x00007ff810f40000 - 0x00007ff810faa000 	C:\WINDOWS\System32\bcryptPrimitives.dll
0x00007ff8110b0000 - 0x00007ff8110de000 	C:\WINDOWS\System32\IMM32.DLL
0x00000000765c0000 - 0x0000000076692000 	C:\Program Files\Java\jdk1.8.0_51\jre\bin\msvcr100.dll
0x0000000076d70000 - 0x00000000775f3000 	C:\Program Files\Java\jdk1.8.0_51\jre\bin\server\jvm.dll
0x00007ff811290000 - 0x00007ff811298000 	C:\WINDOWS\System32\PSAPI.DLL
0x00007ff803f30000 - 0x00007ff803f39000 	C:\WINDOWS\SYSTEM32\WSOCK32.dll
0x00007ff813770000 - 0x00007ff8137da000 	C:\WINDOWS\System32\WS2_32.dll
0x00007ff80d3d0000 - 0x00007ff80d3f3000 	C:\WINDOWS\SYSTEM32\WINMM.dll
0x00007ff80c660000 - 0x00007ff80c66a000 	C:\WINDOWS\SYSTEM32\VERSION.dll
0x00007ff80d3a0000 - 0x00007ff80d3cb000 	C:\WINDOWS\SYSTEM32\WINMMBASE.dll
0x00007ff80ff10000 - 0x00007ff80ff52000 	C:\WINDOWS\System32\cfgmgr32.dll
0x0000000051450000 - 0x000000005145f000 	C:\Program Files\Java\jdk1.8.0_51\jre\bin\verify.dll
0x00000000778f0000 - 0x0000000077919000 	C:\Program Files\Java\jdk1.8.0_51\jre\bin\java.dll
0x0000000050460000 - 0x0000000050476000 	C:\Program Files\Java\jdk1.8.0_51\jre\bin\zip.dll
0x00007ff808b30000 - 0x00007ff808cc2000 	C:\WINDOWS\SYSTEM32\dbghelp.dll

VM Arguments:
jvm_args: -Djava.awt.headless=true -Xmx1024M -Dfile.encoding=windows-1252 -Duser.country=US -Duser.language=en -Duser.variant 
java_command: com.android.dx.command.Main --dex --num-threads=4 --output C:\Users\Mohamed Yasser\android projects\News\app\build\intermediates\pre-dexed\debug\com.android.support-recyclerview-v7-24.2.1_1b8761516a6a74c0a00ff773f840ccb9e2cfc83d.jar C:\Users\Mohamed Yasser\android projects\News\app\build\intermediates\exploded-aar\com.android.support\recyclerview-v7\24.2.1\jars\classes.jar
java_class_path (initial): C:\Android\sdk\build-tools\24.0.0\lib\dx.jar
Launcher Type: SUN_STANDARD

Environment Variables:
JAVA_HOME=C:\Program Files\Java\jdk1.8.0_51\jre
CLASSPATH=%CLASSPATH%;%JUNIT_HOME%\junit4.10.jar;.;;C:\JUnit\junit4.10.jar;.;;C:\JUnit\junit4.10.jar;.;
PATH=C:\Program Files (x86)\Lenovo\FusionEngine;C:\Program Files (x86)\Intel\iCLS Client\;C:\Program Files\Intel\iCLS Client\;C:\WINDOWS\system32;C:\WINDOWS;C:\WINDOWS\System32\Wbem;C:\WINDOWS\System32\WindowsPowerShell\v1.0\;C:\Program Files\Intel\Intel(R) Management Engine Components\DAL;C:\Program Files\Intel\Intel(R) Management Engine Components\IPT;C:\Program Files (x86)\Intel\Intel(R) Management Engine Components\DAL;C:\Program Files (x86)\Intel\Intel(R) Management Engine Components\IPT;C:\Program Files\Intel\WiFi\bin\;C:\Program Files\Common Files\Intel\WirelessCommon\;C:\Program Files (x86)\Lenovo\Motion Control\;C:\Program Files (x86)\Common Files\lenovo\easyplussdk\bin;C:\Program Files\Java\jdk1.8.0_51\bin;C:\Users\Mohamed Yasser\AppData\Local\Android\sdk1\platform-tools;C:\sqlite;C:\Program Files (x86)\Skype\Phone\;C:\Program Files\OpenSSL\bin;C:\Program Files (x86)\Git\bin;C:\Program Files\TortoiseGit\bin;C:\Program Files (x86)\NVIDIA Corporation\PhysX\Common;%SystemRoot%\system32;%SystemRoot%;%SystemRoot%\System32\Wbem;%SYSTEMROOT%\System32\WindowsPowerShell\v1.0\;C:\Users\Mohamed Yasser\AppData\Local\Programs\Python\Python35\Scripts\;C:\Users\Mohamed Yasser\AppData\Local\Programs\Python\Python35\;C:\Users\Mohamed Yasser\AppData\Local\Microsoft\WindowsApps;
USERNAME=Mohamed Yasser
OS=Windows_NT
PROCESSOR_IDENTIFIER=Intel64 Family 6 Model 60 Stepping 3, GenuineIntel



---------------  S Y S T E M  ---------------

OS: Windows 10.0 , 64 bit Build 14393 (10.0.14393.0)

CPU:total 8 (4 cores per cpu, 2 threads per core) family 6 model 60 stepping 3, cmov, cx8, fxsr, mmx, sse, sse2, sse3, ssse3, sse4.1, sse4.2, popcnt, avx, avx2, aes, clmul, erms, lzcnt, ht, tsc, tscinvbit, bmi1, bmi2

Memory: 4k page, physical 16687384k(6048740k free), swap 16720152k(730476k free)

vm_info: Java HotSpot(TM) 64-Bit Server VM (25.51-b03) for windows-amd64 JRE (1.8.0_51-b16), built on Jun  8 2015 18:03:07 by "java_re" with MS VC++ 10.0 (VS2010)

time: Sun Nov 27 21:41:54 2016
elapsed time: 0 seconds (0d 0h 0m 0s)

