#
# There is insufficient memory for the Java Runtime Environment to continue.
# Native memory allocation (malloc) failed to allocate 582416 bytes for Chunk::new
# Possible reasons:
#   The system is out of physical RAM or swap space
#   In 32 bit mode, the process size limit was hit
# Possible solutions:
#   Reduce memory load on the system
#   Increase physical memory or swap space
#   Check if swap backing store is full
#   Use 64 bit Java on a 64 bit OS
#   Decrease Java heap size (-Xmx/-Xms)
#   Decrease number of Java threads
#   Decrease Java thread stack sizes (-Xss)
#   Set larger code cache with -XX:ReservedCodeCacheSize=
# This output file may be truncated or incomplete.
#
#  Out of Memory Error (allocation.cpp:390), pid=35388, tid=17932
#
# JRE version: Java(TM) SE Runtime Environment (8.0_51-b16) (build 1.8.0_51-b16)
# Java VM: Java HotSpot(TM) 64-Bit Server VM (25.51-b03 mixed mode windows-amd64 compressed oops)
# Failed to write core dump. Minidumps are not enabled by default on client versions of Windows
#

---------------  T H R E A D  ---------------

Current thread (0x00000000172e0800):  JavaThread "C2 CompilerThread2" daemon [_thread_in_native, id=17932, stack(0x0000000017ab0000,0x0000000017bb0000)]

Stack: [0x0000000017ab0000,0x0000000017bb0000]
Native frames: (J=compiled Java code, j=interpreted, Vv=VM code, C=native code)
V  [jvm.dll+0x32b4ca]
V  [jvm.dll+0x2797e3]
V  [jvm.dll+0x27a479]
V  [jvm.dll+0x271765]
V  [jvm.dll+0xcba02]
V  [jvm.dll+0xcbecc]
V  [jvm.dll+0x4643d2]
V  [jvm.dll+0x4db655]
V  [jvm.dll+0x4dc257]
V  [jvm.dll+0x46a5e1]
V  [jvm.dll+0x46cde2]
V  [jvm.dll+0x4501a2]
V  [jvm.dll+0xa43a2]
V  [jvm.dll+0xa4cdf]
V  [jvm.dll+0x2418a4]
V  [jvm.dll+0x29846a]
C  [msvcr100.dll+0x21d9f]
C  [msvcr100.dll+0x21e3b]
C  [KERNEL32.DLL+0x8364]
C  [ntdll.dll+0x65e91]


Current CompileTask:
C2:   2001  893   !   4       com.android.dx.cf.code.BytecodeArray::parseInstruction (2764 bytes)


---------------  P R O C E S S  ---------------

Java Threads: ( => current thread )
  0x0000000017539000 JavaThread "pool-1-thread-4" [_thread_in_Java, id=41852, stack(0x00000000182b0000,0x00000000183b0000)]
  0x00000000174c4800 JavaThread "pool-1-thread-3" [_thread_blocked, id=42700, stack(0x00000000181b0000,0x00000000182b0000)]
  0x0000000017490800 JavaThread "pool-1-thread-2" [_thread_blocked, id=9192, stack(0x00000000180b0000,0x00000000181b0000)]
  0x0000000017487000 JavaThread "pool-2-thread-1" [_thread_blocked, id=42976, stack(0x0000000017fb0000,0x00000000180b0000)]
  0x0000000017489800 JavaThread "pool-1-thread-1" [_thread_in_vm, id=42076, stack(0x0000000017eb0000,0x0000000017fb0000)]
  0x00000000172eb800 JavaThread "Service Thread" daemon [_thread_blocked, id=36440, stack(0x0000000017cb0000,0x0000000017db0000)]
  0x00000000172e5800 JavaThread "C1 CompilerThread3" daemon [_thread_in_vm, id=42692, stack(0x0000000017bb0000,0x0000000017cb0000)]
=>0x00000000172e0800 JavaThread "C2 CompilerThread2" daemon [_thread_in_native, id=17932, stack(0x0000000017ab0000,0x0000000017bb0000)]
  0x00000000172df800 JavaThread "C2 CompilerThread1" daemon [_thread_blocked, id=42840, stack(0x00000000179b0000,0x0000000017ab0000)]
  0x00000000172d8800 JavaThread "C2 CompilerThread0" daemon [_thread_in_native, id=28220, stack(0x00000000178b0000,0x00000000179b0000)]
  0x00000000172d6800 JavaThread "Attach Listener" daemon [_thread_blocked, id=42764, stack(0x00000000177b0000,0x00000000178b0000)]
  0x00000000172d5800 JavaThread "Signal Dispatcher" daemon [_thread_blocked, id=12228, stack(0x00000000176b0000,0x00000000177b0000)]
  0x00000000027a4800 JavaThread "Finalizer" daemon [_thread_blocked, id=13036, stack(0x00000000171b0000,0x00000000172b0000)]
  0x00000000027a3800 JavaThread "Reference Handler" daemon [_thread_blocked, id=22664, stack(0x00000000170b0000,0x00000000171b0000)]
  0x00000000024fe000 JavaThread "main" [_thread_in_native, id=10360, stack(0x00000000023b0000,0x00000000024b0000)]

Other Threads:
  0x00000000152c9000 VMThread [stack: 0x0000000016fb0000,0x00000000170b0000] [id=18024]
  0x00000000172ec800 WatcherThread [stack: 0x0000000017db0000,0x0000000017eb0000] [id=43004]

VM state:not at safepoint (normal execution)

VM Mutex/Monitor currently owned by a thread: None

Heap:
 PSYoungGen      total 76288K, used 23597K [0x00000000eab00000, 0x00000000f0000000, 0x0000000100000000)
  eden space 65536K, 36% used [0x00000000eab00000,0x00000000ec20b780,0x00000000eeb00000)
  from space 10752K, 0% used [0x00000000ef580000,0x00000000ef580000,0x00000000f0000000)
  to   space 10752K, 0% used [0x00000000eeb00000,0x00000000eeb00000,0x00000000ef580000)
 ParOldGen       total 175104K, used 0K [0x00000000c0000000, 0x00000000cab00000, 0x00000000eab00000)
  object space 175104K, 0% used [0x00000000c0000000,0x00000000c0000000,0x00000000cab00000)
 Metaspace       used 5708K, capacity 6768K, committed 7040K, reserved 1056768K
  class space    used 583K, capacity 616K, committed 640K, reserved 1048576K

Card table byte_map: [0x0000000011b70000,0x0000000011d80000] byte_map_base: 0x0000000011570000

Marking Bits: (ParMarkBitMap*) 0x0000000077574040
 Begin Bits: [0x00000000126e0000, 0x00000000136e0000)
 End Bits:   [0x00000000136e0000, 0x00000000146e0000)

Polling page: 0x0000000000bd0000

CodeCache: size=245760Kb used=3754Kb max_used=3760Kb free=242005Kb
 bounds [0x00000000027b0000, 0x0000000002b60000, 0x00000000117b0000]
 total_blobs=1207 nmethods=938 adapters=182
 compilation: enabled

Compilation events (10 events):
Event: 1.980 Thread 0x00000000172e5800 nmethod 909 0x0000000002b3a490 code [0x0000000002b3a820, 0x0000000002b3c7c8]
Event: 1.980 Thread 0x00000000172e5800  910       3       com.android.dx.ssa.SsaBasicBlock::addDomChild (10 bytes)
Event: 1.981 Thread 0x00000000172e5800 nmethod 910 0x0000000002b3e190 code [0x0000000002b3e340, 0x0000000002b3e8c8]
Event: 1.981 Thread 0x00000000172e5800  918       3       java.util.Collections::unmodifiableList (27 bytes)
Event: 1.981 Thread 0x00000000172e5800 nmethod 918 0x0000000002b3ebd0 code [0x0000000002b3eda0, 0x0000000002b3f5f8]
Event: 1.981 Thread 0x00000000172e5800  919       3       java.util.Collections$UnmodifiableRandomAccessList::<init> (6 bytes)
Event: 1.981 Thread 0x00000000172e5800 nmethod 919 0x0000000002b3fa10 code [0x0000000002b3fba0, 0x0000000002b3ff48]
Event: 1.981 Thread 0x00000000172e5800  903       3       com.android.dx.rop.code.PlainCstInsn::accept (8 bytes)
Event: 1.981 Thread 0x00000000172e5800 nmethod 903 0x0000000002b40110 code [0x0000000002b40280, 0x0000000002b404a8]
Event: 1.981 Thread 0x00000000172e5800  922       3       com.android.dx.ssa.back.InterferenceGraph::add (46 bytes)

GC Heap History (0 events):
No events

Deoptimization events (10 events):
Event: 0.771 Thread 0x0000000017539000 Uncommon trap: reason=class_check action=maybe_recompile pc=0x000000000297a5b0 method=com.android.dx.rop.cst.CstMemberRef.compareTo0(Lcom/android/dx/rop/cst/Constant;)I @ 1
Event: 0.772 Thread 0x0000000017539000 Uncommon trap: reason=speculate_class_check action=maybe_recompile pc=0x00000000029781ec method=com.android.dx.rop.cst.Constant.compareTo(Lcom/android/dx/rop/cst/Constant;)I @ 29
Event: 0.772 Thread 0x0000000017539000 Uncommon trap: reason=class_check action=maybe_recompile pc=0x000000000297a5b0 method=com.android.dx.rop.cst.CstMemberRef.compareTo0(Lcom/android/dx/rop/cst/Constant;)I @ 1
Event: 0.772 Thread 0x0000000017539000 Uncommon trap: reason=speculate_class_check action=maybe_recompile pc=0x00000000029781ec method=com.android.dx.rop.cst.Constant.compareTo(Lcom/android/dx/rop/cst/Constant;)I @ 29
Event: 0.772 Thread 0x0000000017539000 Uncommon trap: reason=class_check action=maybe_recompile pc=0x000000000297a5b0 method=com.android.dx.rop.cst.CstMemberRef.compareTo0(Lcom/android/dx/rop/cst/Constant;)I @ 1
Event: 0.772 Thread 0x0000000017539000 Uncommon trap: reason=speculate_class_check action=maybe_recompile pc=0x00000000029781ec method=com.android.dx.rop.cst.Constant.compareTo(Lcom/android/dx/rop/cst/Constant;)I @ 29
Event: 0.777 Thread 0x00000000024fe000 Uncommon trap: reason=class_check action=maybe_recompile pc=0x000000000297a5b0 method=com.android.dx.rop.cst.CstMemberRef.compareTo0(Lcom/android/dx/rop/cst/Constant;)I @ 1
Event: 0.844 Thread 0x00000000024fe000 Uncommon trap: reason=unstable_if action=reinterpret pc=0x00000000029bb688 method=com.android.dx.rop.cst.CstFieldRef.compareTo0(Lcom/android/dx/rop/cst/Constant;)I @ 7
Event: 0.844 Thread 0x00000000024fe000 Uncommon trap: reason=unstable_if action=reinterpret pc=0x0000000002975b74 method=com.android.dx.rop.cst.CstFieldRef.compareTo0(Lcom/android/dx/rop/cst/Constant;)I @ 7
Event: 1.966 Thread 0x0000000017489800 Uncommon trap: reason=unstable_if action=reinterpret pc=0x00000000029f342c method=java.util.HashMap.getNode(ILjava/lang/Object;)Ljava/util/HashMap$Node; @ 129

Internal exceptions (2 events):
Event: 0.066 Thread 0x00000000024fe000 Exception <a 'java/lang/NoSuchMethodError': Method sun.misc.Unsafe.defineClass(Ljava/lang/String;[BII)Ljava/lang/Class; name or signature does not match> (0x00000000eab0d908) thrown at [C:\re\workspace\8-2-build-windows-amd64-cygwin\jdk8u51\3951\hotspot\srkAêh-î°?
Event: 0.066 Thread 0x00000000024fe000 Exception <a 'java/lang/NoSuchMethodError': Method sun.misc.Unsafe.prefetchRead(Ljava/lang/Object;J)V name or signature does not match> (0x00000000eab0db98) thrown at [C:\re\workspace\8-2-build-windows-amd64-cygwin\jdk8u51\3951\hotspot\src\share\vm\prims\j

Events (10 events):
Event: 0.844 Thread 0x00000000024fe000 DEOPT PACKING pc=0x00000000029bb688 sp=0x00000000024ae480
Event: 0.844 Thread 0x00000000024fe000 DEOPT UNPACKING pc=0x00000000027f582a sp=0x00000000024ae338 mode 2
Event: 0.844 Thread 0x00000000024fe000 Uncommon trap: trap_request=0xffffff65 fr.pc=0x0000000002975b74
Event: 0.844 Thread 0x00000000024fe000 DEOPT PACKING pc=0x0000000002975b74 sp=0x00000000024ae3c0
Event: 0.844 Thread 0x00000000024fe000 DEOPT UNPACKING pc=0x00000000027f582a sp=0x00000000024ae348 mode 2
Event: 1.964 loading class java/util/ArrayList$1
Event: 1.964 loading class java/util/ArrayList$1 done
Event: 1.966 Thread 0x0000000017489800 Uncommon trap: trap_request=0xffffff65 fr.pc=0x00000000029f342c
Event: 1.966 Thread 0x0000000017489800 DEOPT PACKING pc=0x00000000029f342c sp=0x0000000017faebe0
Event: 1.966 Thread 0x0000000017489800 DEOPT UNPACKING pc=0x00000000027f582a sp=0x0000000017faeb58 mode 2


Dynamic libraries:
0x00007ff790050000 - 0x00007ff790087000 	C:\Program Files\Java\jdk1.8.0_51\bin\java.exe
0x00007ff813a20000 - 0x00007ff813bf1000 	C:\WINDOWS\SYSTEM32\ntdll.dll
0x00007ff8110e0000 - 0x00007ff81118b000 	C:\WINDOWS\System32\KERNEL32.DLL
0x00007ff810c80000 - 0x00007ff810e9d000 	C:\WINDOWS\System32\KERNELBASE.dll
0x00007ff811f70000 - 0x00007ff812012000 	C:\WINDOWS\System32\ADVAPI32.dll
0x00007ff812020000 - 0x00007ff8120be000 	C:\WINDOWS\System32\msvcrt.dll
0x00007ff811f10000 - 0x00007ff811f69000 	C:\WINDOWS\System32\sechost.dll
0x00007ff811460000 - 0x00007ff811581000 	C:\WINDOWS\System32\RPCRT4.dll
0x00007ff8138b0000 - 0x00007ff813a15000 	C:\WINDOWS\System32\USER32.dll
0x00007ff810c60000 - 0x00007ff810c7e000 	C:\WINDOWS\System32\win32u.dll
0x00007ff811070000 - 0x00007ff8110a4000 	C:\WINDOWS\System32\GDI32.dll
0x00007ff810290000 - 0x00007ff810412000 	C:\WINDOWS\System32\gdi32full.dll
0x00007ff80c290000 - 0x00007ff80c509000 	C:\WINDOWS\WinSxS\amd64_microsoft.windows.common-controls_6595b64144ccf1df_6.0.14393.447_none_42191651c6827bb3\COMCTL32.dll
0x00007ff8115f0000 - 0x00007ff8118b7000 	C:\WINDOWS\System32\combase.dll
0x00007ff810b60000 - 0x00007ff810c55000 	C:\WINDOWS\System32\ucrtbase.dll
0x00007ff810f40000 - 0x00007ff810faa000 	C:\WINDOWS\System32\bcryptPrimitives.dll
0x00007ff8110b0000 - 0x00007ff8110de000 	C:\WINDOWS\System32\IMM32.DLL
0x00000000765c0000 - 0x0000000076692000 	C:\Program Files\Java\jdk1.8.0_51\jre\bin\msvcr100.dll
0x0000000076d70000 - 0x00000000775f3000 	C:\Program Files\Java\jdk1.8.0_51\jre\bin\server\jvm.dll
0x00007ff811290000 - 0x00007ff811298000 	C:\WINDOWS\System32\PSAPI.DLL
0x00007ff803f30000 - 0x00007ff803f39000 	C:\WINDOWS\SYSTEM32\WSOCK32.dll
0x00007ff813770000 - 0x00007ff8137da000 	C:\WINDOWS\System32\WS2_32.dll
0x00007ff80d3d0000 - 0x00007ff80d3f3000 	C:\WINDOWS\SYSTEM32\WINMM.dll
0x00007ff80c660000 - 0x00007ff80c66a000 	C:\WINDOWS\SYSTEM32\VERSION.dll
0x00007ff80d3a0000 - 0x00007ff80d3cb000 	C:\WINDOWS\SYSTEM32\WINMMBASE.dll
0x00007ff80ff10000 - 0x00007ff80ff52000 	C:\WINDOWS\System32\cfgmgr32.dll
0x0000000051450000 - 0x000000005145f000 	C:\Program Files\Java\jdk1.8.0_51\jre\bin\verify.dll
0x00000000778f0000 - 0x0000000077919000 	C:\Program Files\Java\jdk1.8.0_51\jre\bin\java.dll
0x0000000050460000 - 0x0000000050476000 	C:\Program Files\Java\jdk1.8.0_51\jre\bin\zip.dll
0x00007ff812260000 - 0x00007ff813769000 	C:\WINDOWS\System32\SHELL32.dll
0x00007ff810420000 - 0x00007ff810afa000 	C:\WINDOWS\System32\windows.storage.dll
0x00007ff80fec0000 - 0x00007ff80ff0c000 	C:\WINDOWS\System32\powrprof.dll
0x00007ff811590000 - 0x00007ff8115e2000 	C:\WINDOWS\System32\shlwapi.dll
0x00007ff80fe90000 - 0x00007ff80fe9f000 	C:\WINDOWS\System32\kernel.appcore.dll
0x00007ff80ff60000 - 0x00007ff810009000 	C:\WINDOWS\System32\shcore.dll
0x00007ff80fea0000 - 0x00007ff80feb4000 	C:\WINDOWS\System32\profapi.dll
0x00007ff808b30000 - 0x00007ff808cc2000 	C:\WINDOWS\SYSTEM32\dbghelp.dll

VM Arguments:
jvm_args: -Djava.awt.headless=true -Xmx1024M -Dfile.encoding=windows-1252 -Duser.country=US -Duser.language=en -Duser.variant 
java_command: com.android.dx.command.Main --dex --num-threads=4 --output C:\Users\Mohamed Yasser\android projects\News\app\build\intermediates\pre-dexed\debug\debug_4670bb093ef2320d4b21b0a1a308514355c44ae1.jar C:\Users\Mohamed Yasser\android projects\News\app\build\intermediates\classes\debug
java_class_path (initial): C:\Android\sdk\build-tools\24.0.0\lib\dx.jar
Launcher Type: SUN_STANDARD

Environment Variables:
JAVA_HOME=C:\Program Files\Java\jdk1.8.0_51\jre
CLASSPATH=%CLASSPATH%;%JUNIT_HOME%\junit4.10.jar;.;;C:\JUnit\junit4.10.jar;.;;C:\JUnit\junit4.10.jar;.;
PATH=C:\Program Files (x86)\Lenovo\FusionEngine;C:\Program Files (x86)\Intel\iCLS Client\;C:\Program Files\Intel\iCLS Client\;C:\WINDOWS\system32;C:\WINDOWS;C:\WINDOWS\System32\Wbem;C:\WINDOWS\System32\WindowsPowerShell\v1.0\;C:\Program Files\Intel\Intel(R) Management Engine Components\DAL;C:\Program Files\Intel\Intel(R) Management Engine Components\IPT;C:\Program Files (x86)\Intel\Intel(R) Management Engine Components\DAL;C:\Program Files (x86)\Intel\Intel(R) Management Engine Components\IPT;C:\Program Files\Intel\WiFi\bin\;C:\Program Files\Common Files\Intel\WirelessCommon\;C:\Program Files (x86)\Lenovo\Motion Control\;C:\Program Files (x86)\Common Files\lenovo\easyplussdk\bin;C:\Program Files\Java\jdk1.8.0_51\bin;C:\Users\Mohamed Yasser\AppData\Local\Android\sdk1\platform-tools;C:\sqlite;C:\Program Files (x86)\Skype\Phone\;C:\Program Files\OpenSSL\bin;C:\Program Files (x86)\Git\bin;C:\Program Files\TortoiseGit\bin;C:\Program Files (x86)\NVIDIA Corporation\PhysX\Common;%SystemRoot%\system32;%SystemRoot%;%SystemRoot%\System32\Wbem;%SYSTEMROOT%\System32\WindowsPowerShell\v1.0\;C:\Users\Mohamed Yasser\AppData\Local\Programs\Python\Python35\Scripts\;C:\Users\Mohamed Yasser\AppData\Local\Programs\Python\Python35\;C:\Users\Mohamed Yasser\AppData\Local\Microsoft\WindowsApps;
USERNAME=Mohamed Yasser
OS=Windows_NT
PROCESSOR_IDENTIFIER=Intel64 Family 6 Model 60 Stepping 3, GenuineIntel



---------------  S Y S T E M  ---------------

OS: Windows 10.0 , 64 bit Build 14393 (10.0.14393.0)

CPU:total 8 (4 cores per cpu, 2 threads per core) family 6 model 60 stepping 3, cmov, cx8, fxsr, mmx, sse, sse2, sse3, ssse3, sse4.1, sse4.2, popcnt, avx, avx2, aes, clmul, erms, lzcnt, ht, tsc, tscinvbit, bmi1, bmi2

Memory: 4k page, physical 16687384k(5964056k free), swap 16720152k(4884k free)

vm_info: Java HotSpot(TM) 64-Bit Server VM (25.51-b03) for windows-amd64 JRE (1.8.0_51-b16), built on Jun  8 2015 18:03:07 by "java_re" with MS VC++ 10.0 (VS2010)

time: Sun Nov 27 21:41:57 2016
elapsed time: 2 seconds (0d 0h 0m 2s)

