#
# There is insufficient memory for the Java Runtime Environment to continue.
# Native memory allocation (malloc) failed to allocate 874096 bytes for Chunk::new
# Possible reasons:
#   The system is out of physical RAM or swap space
#   In 32 bit mode, the process size limit was hit
# Possible solutions:
#   Reduce memory load on the system
#   Increase physical memory or swap space
#   Check if swap backing store is full
#   Use 64 bit Java on a 64 bit OS
#   Decrease Java heap size (-Xmx/-Xms)
#   Decrease number of Java threads
#   Decrease Java thread stack sizes (-Xss)
#   Set larger code cache with -XX:ReservedCodeCacheSize=
# This output file may be truncated or incomplete.
#
#  Out of Memory Error (allocation.cpp:390), pid=40440, tid=21552
#
# JRE version: Java(TM) SE Runtime Environment (8.0_51-b16) (build 1.8.0_51-b16)
# Java VM: Java HotSpot(TM) 64-Bit Server VM (25.51-b03 mixed mode windows-amd64 compressed oops)
# Failed to write core dump. Minidumps are not enabled by default on client versions of Windows
#

---------------  T H R E A D  ---------------

Current thread (0x0000000017ee0800):  JavaThread "C2 CompilerThread2" daemon [_thread_in_native, id=21552, stack(0x00000000186b0000,0x00000000187b0000)]

Stack: [0x00000000186b0000,0x00000000187b0000]
Native frames: (J=compiled Java code, j=interpreted, Vv=VM code, C=native code)
V  [jvm.dll+0x32b4ca]
V  [jvm.dll+0x2797e3]
V  [jvm.dll+0x27a479]
V  [jvm.dll+0x271765]
V  [jvm.dll+0xcba02]
V  [jvm.dll+0xcbecc]
V  [jvm.dll+0x476f72]
V  [jvm.dll+0x4b95ff]
V  [jvm.dll+0x46c011]
V  [jvm.dll+0x46cd4e]
V  [jvm.dll+0x4501a2]
V  [jvm.dll+0xa43a2]
V  [jvm.dll+0xa4cdf]
V  [jvm.dll+0x2418a4]
V  [jvm.dll+0x29846a]
C  [msvcr100.dll+0x21d9f]
C  [msvcr100.dll+0x21e3b]
C  [KERNEL32.DLL+0x8364]
C  [ntdll.dll+0x65e91]


Current CompileTask:
C2:   2235 1639       4       com.android.dx.rop.code.LocalVariableExtractor::processBlock (327 bytes)


---------------  P R O C E S S  ---------------

Java Threads: ( => current thread )
  0x00000000181f1000 JavaThread "pool-1-thread-4" [_thread_in_vm, id=28888, stack(0x00000000196b0000,0x00000000197b0000)]
  0x0000000018293000 JavaThread "pool-1-thread-3" [_thread_in_Java, id=42584, stack(0x00000000195b0000,0x00000000196b0000)]
  0x000000001827f800 JavaThread "pool-1-thread-2" [_thread_in_Java, id=19940, stack(0x00000000194b0000,0x00000000195b0000)]
  0x00000000182a9000 JavaThread "pool-2-thread-1" [_thread_blocked, id=13172, stack(0x00000000193b0000,0x00000000194b0000)]
  0x00000000182a8800 JavaThread "pool-1-thread-1" [_thread_blocked, id=30320, stack(0x00000000192b0000,0x00000000193b0000)]
  0x0000000017f74800 JavaThread "Service Thread" daemon [_thread_blocked, id=39912, stack(0x00000000188b0000,0x00000000189b0000)]
  0x0000000017eeb000 JavaThread "C1 CompilerThread3" daemon [_thread_blocked, id=42960, stack(0x00000000187b0000,0x00000000188b0000)]
=>0x0000000017ee0800 JavaThread "C2 CompilerThread2" daemon [_thread_in_native, id=21552, stack(0x00000000186b0000,0x00000000187b0000)]
  0x0000000017edf000 JavaThread "C2 CompilerThread1" daemon [_thread_in_native, id=9768, stack(0x00000000185b0000,0x00000000186b0000)]
  0x0000000017ed8000 JavaThread "C2 CompilerThread0" daemon [_thread_in_native, id=42812, stack(0x00000000184b0000,0x00000000185b0000)]
  0x0000000017ed7000 JavaThread "Attach Listener" daemon [_thread_blocked, id=42396, stack(0x00000000183b0000,0x00000000184b0000)]
  0x0000000017ed6800 JavaThread "Signal Dispatcher" daemon [_thread_blocked, id=42948, stack(0x00000000182b0000,0x00000000183b0000)]
  0x00000000033ab800 JavaThread "Finalizer" daemon [_thread_blocked, id=25564, stack(0x0000000017db0000,0x0000000017eb0000)]
  0x0000000015ecd800 JavaThread "Reference Handler" daemon [_thread_blocked, id=26068, stack(0x0000000017cb0000,0x0000000017db0000)]
  0x00000000032ae000 JavaThread "main" [_thread_blocked, id=42620, stack(0x00000000030e0000,0x00000000031e0000)]

Other Threads:
  0x0000000015ec9000 VMThread [stack: 0x0000000017bb0000,0x0000000017cb0000] [id=28408]
  0x0000000017f86000 WatcherThread [stack: 0x00000000189b0000,0x0000000018ab0000] [id=42652]

VM state:not at safepoint (normal execution)

VM Mutex/Monitor currently owned by a thread: None

Heap:
 PSYoungGen      total 76288K, used 35829K [0x00000000eab00000, 0x00000000f4000000, 0x0000000100000000)
  eden space 65536K, 38% used [0x00000000eab00000,0x00000000ec382b38,0x00000000eeb00000)
  from space 10752K, 99% used [0x00000000eeb00000,0x00000000ef57aa08,0x00000000ef580000)
  to   space 10752K, 0% used [0x00000000f3580000,0x00000000f3580000,0x00000000f4000000)
 ParOldGen       total 175104K, used 391K [0x00000000c0000000, 0x00000000cab00000, 0x00000000eab00000)
  object space 175104K, 0% used [0x00000000c0000000,0x00000000c0061f80,0x00000000cab00000)
 Metaspace       used 6162K, capacity 7088K, committed 7296K, reserved 1056768K
  class space    used 594K, capacity 616K, committed 640K, reserved 1048576K

Card table byte_map: [0x0000000012770000,0x0000000012980000] byte_map_base: 0x0000000012170000

Marking Bits: (ParMarkBitMap*) 0x0000000077574040
 Begin Bits: [0x00000000132e0000, 0x00000000142e0000)
 End Bits:   [0x00000000142e0000, 0x00000000152e0000)

Polling page: 0x00000000030a0000

CodeCache: size=245760Kb used=7038Kb max_used=7038Kb free=238721Kb
 bounds [0x00000000033b0000, 0x0000000003aa0000, 0x00000000123b0000]
 total_blobs=1901 nmethods=1631 adapters=183
 compilation: enabled

Compilation events (10 events):
Event: 2.140 Thread 0x0000000017edf000 nmethod 1638 0x0000000003a93010 code [0x0000000003a93980, 0x0000000003a94278]
Event: 2.140 Thread 0x0000000017edf000 1645       4       com.android.dx.ssa.SCCP::simulatePhi (169 bytes)
Event: 2.152 Thread 0x0000000017eeb000 1652       3       com.android.dx.ssa.back.SsaToRop$PhiVisitor::visitPhiInsn (67 bytes)
Event: 2.153 Thread 0x0000000017eeb000 nmethod 1652 0x0000000003a91190 code [0x0000000003a91400, 0x0000000003a92408]
Event: 2.155 Thread 0x0000000017eeb000 1653       3       com.android.dx.util.Hex::u2 (44 bytes)
Event: 2.155 Thread 0x0000000017eeb000 nmethod 1653 0x0000000003a94b50 code [0x0000000003a94d00, 0x0000000003a95378]
Event: 2.160 Thread 0x0000000017eeb000 1656       3       com.android.dx.cf.code.LocalVariableList::itemToLocal (47 bytes)
Event: 2.161 Thread 0x0000000017eeb000 nmethod 1656 0x0000000003a95650 code [0x0000000003a95800, 0x0000000003a95d78]
Event: 2.165 Thread 0x0000000017eeb000 1657       3       com.android.dx.cf.code.OneLocalsArray::makeInitialized (55 bytes)
Event: 2.166 Thread 0x0000000017eeb000 nmethod 1657 0x0000000003a95f50 code [0x0000000003a96100, 0x0000000003a967b8]

GC Heap History (2 events):
Event: 1.482 GC heap before
{Heap before GC invocations=1 (full 0):
 PSYoungGen      total 76288K, used 65536K [0x00000000eab00000, 0x00000000f0000000, 0x0000000100000000)
  eden space 65536K, 100% used [0x00000000eab00000,0x00000000eeb00000,0x00000000eeb00000)
  from space 10752K, 0% used [0x00000000ef580000,0x00000000ef580000,0x00000000f0000000)
  to   space 10752K, 0% used [0x00000000eeb00000,0x00000000eeb00000,0x00000000ef580000)
 ParOldGen       total 175104K, used 0K [0x00000000c0000000, 0x00000000cab00000, 0x00000000eab00000)
  object space 175104K, 0% used [0x00000000c0000000,0x00000000c0000000,0x00000000cab00000)
 Metaspace       used 6086K, capacity 7024K, committed 7296K, reserved 1056768K
  class space    used 594K, capacity 616K, committed 640K, reserved 1048576K
Event: 1.602 GC heap after
Heap after GC invocations=1 (full 0):
 PSYoungGen      total 76288K, used 10730K [0x00000000eab00000, 0x00000000f4000000, 0x0000000100000000)
  eden space 65536K, 0% used [0x00000000eab00000,0x00000000eab00000,0x00000000eeb00000)
  from space 10752K, 99% used [0x00000000eeb00000,0x00000000ef57aa08,0x00000000ef580000)
  to   space 10752K, 0% used [0x00000000f3580000,0x00000000f3580000,0x00000000f4000000)
 ParOldGen       total 175104K, used 391K [0x00000000c0000000, 0x00000000cab00000, 0x00000000eab00000)
  object space 175104K, 0% used [0x00000000c0000000,0x00000000c0061f80,0x00000000cab00000)
 Metaspace       used 6086K, capacity 7024K, committed 7296K, reserved 1056768K
  class space    used 594K, capacity 616K, committed 640K, reserved 1048576K
}

Deoptimization events (10 events):
Event: 1.468 Thread 0x00000000182a8800 Uncommon trap: reason=bimorphic action=maybe_recompile pc=0x000000000386afb0 method=java.util.HashMap.getNode(ILjava/lang/Object;)Ljava/util/HashMap$Node; @ 126
Event: 1.475 Thread 0x00000000032ae000 Uncommon trap: reason=bimorphic action=maybe_recompile pc=0x000000000386afb0 method=java.util.HashMap.getNode(ILjava/lang/Object;)Ljava/util/HashMap$Node; @ 126
Event: 1.475 Thread 0x00000000032ae000 Uncommon trap: reason=class_check action=maybe_recompile pc=0x0000000003925e44 method=java.util.HashMap.putVal(ILjava/lang/Object;Ljava/lang/Object;ZZ)Ljava/lang/Object; @ 203
Event: 1.475 Thread 0x00000000032ae000 Uncommon trap: reason=bimorphic action=maybe_recompile pc=0x000000000386afb0 method=java.util.HashMap.getNode(ILjava/lang/Object;)Ljava/util/HashMap$Node; @ 126
Event: 1.475 Thread 0x00000000032ae000 Uncommon trap: reason=class_check action=maybe_recompile pc=0x0000000003925e44 method=java.util.HashMap.putVal(ILjava/lang/Object;Ljava/lang/Object;ZZ)Ljava/lang/Object; @ 203
Event: 1.739 Thread 0x000000001827f800 Uncommon trap: reason=unstable_if action=reinterpret pc=0x0000000003a0072c method=com.android.dx.cf.code.ByteCatchList.listFor(I)Lcom/android/dx/cf/code/ByteCatchList; @ 19
Event: 1.757 Thread 0x000000001827f800 Uncommon trap: reason=bimorphic action=maybe_recompile pc=0x0000000003905df8 method=com.android.dx.ssa.LiteralOpUpgrader.tryReplacingWithConstant(Lcom/android/dx/ssa/NormalSsaInsn;)Z @ 52
Event: 1.967 Thread 0x00000000182a8800 Uncommon trap: reason=class_check action=maybe_recompile pc=0x0000000003925e44 method=java.util.HashMap.putVal(ILjava/lang/Object;Ljava/lang/Object;ZZ)Ljava/lang/Object; @ 203
Event: 2.086 Thread 0x00000000182a8800 Uncommon trap: reason=bimorphic action=maybe_recompile pc=0x0000000003905df8 method=com.android.dx.ssa.LiteralOpUpgrader.tryReplacingWithConstant(Lcom/android/dx/ssa/NormalSsaInsn;)Z @ 52
Event: 2.087 Thread 0x00000000182a8800 Uncommon trap: reason=bimorphic action=maybe_recompile pc=0x0000000003905df8 method=com.android.dx.ssa.LiteralOpUpgrader.tryReplacingWithConstant(Lcom/android/dx/ssa/NormalSsaInsn;)Z @ 52

Internal exceptions (4 events):
Event: 0.061 Thread 0x00000000032ae000 Exception <a 'java/lang/NoSuchMethodError': Method sun.misc.Unsafe.defineClass(Ljava/lang/String;[BII)Ljava/lang/Class; name or signature does not match> (0x00000000eab0d9a8) thrown at [C:\re\workspace\8-2-build-windows-amd64-cygwin\jdk8u51\3951\hotspot\srR<¥H\„¯?
Event: 0.062 Thread 0x00000000032ae000 Exception <a 'java/lang/NoSuchMethodError': Method sun.misc.Unsafe.prefetchRead(Ljava/lang/Object;J)V name or signature does not match> (0x00000000eab0dc38) thrown at [C:\re\workspace\8-2-build-windows-amd64-cygwin\jdk8u51\3951\hotspot\src\share\vm\prims\j®‚î0üÉï?
Event: 0.993 Thread 0x000000001827f800 Implicit null exception at 0x00000000036c2973 to 0x00000000036c5a15
Event: 1.026 Thread 0x00000000181f1000 Implicit null exception at 0x00000000037d9822 to 0x00000000037d9915

Events (10 events):
Event: 1.931 loading class com/android/dx/rop/code/RegisterSpec$1 done
Event: 1.967 Thread 0x00000000182a8800 Uncommon trap: trap_request=0xffffffde fr.pc=0x0000000003925e44
Event: 1.967 Thread 0x00000000182a8800 DEOPT PACKING pc=0x0000000003925e44 sp=0x00000000193aec20
Event: 1.967 Thread 0x00000000182a8800 DEOPT UNPACKING pc=0x00000000033f582a sp=0x00000000193aeba8 mode 2
Event: 2.086 Thread 0x00000000182a8800 Uncommon trap: trap_request=0xffffffc6 fr.pc=0x0000000003905df8
Event: 2.087 Thread 0x00000000182a8800 DEOPT PACKING pc=0x0000000003905df8 sp=0x00000000193aecc0
Event: 2.087 Thread 0x00000000182a8800 DEOPT UNPACKING pc=0x00000000033f582a sp=0x00000000193aebf8 mode 2
Event: 2.087 Thread 0x00000000182a8800 Uncommon trap: trap_request=0xffffffc6 fr.pc=0x0000000003905df8
Event: 2.087 Thread 0x00000000182a8800 DEOPT PACKING pc=0x0000000003905df8 sp=0x00000000193aecc0
Event: 2.087 Thread 0x00000000182a8800 DEOPT UNPACKING pc=0x00000000033f582a sp=0x00000000193aebf8 mode 2


Dynamic libraries:
0x00007ff790050000 - 0x00007ff790087000 	C:\Program Files\Java\jdk1.8.0_51\bin\java.exe
0x00007ff813a20000 - 0x00007ff813bf1000 	C:\WINDOWS\SYSTEM32\ntdll.dll
0x00007ff8110e0000 - 0x00007ff81118b000 	C:\WINDOWS\System32\KERNEL32.DLL
0x00007ff810c80000 - 0x00007ff810e9d000 	C:\WINDOWS\System32\KERNELBASE.dll
0x00007ff811f70000 - 0x00007ff812012000 	C:\WINDOWS\System32\ADVAPI32.dll
0x00007ff812020000 - 0x00007ff8120be000 	C:\WINDOWS\System32\msvcrt.dll
0x00007ff811f10000 - 0x00007ff811f69000 	C:\WINDOWS\System32\sechost.dll
0x00007ff811460000 - 0x00007ff811581000 	C:\WINDOWS\System32\RPCRT4.dll
0x00007ff8138b0000 - 0x00007ff813a15000 	C:\WINDOWS\System32\USER32.dll
0x00007ff810c60000 - 0x00007ff810c7e000 	C:\WINDOWS\System32\win32u.dll
0x00007ff811070000 - 0x00007ff8110a4000 	C:\WINDOWS\System32\GDI32.dll
0x00007ff810290000 - 0x00007ff810412000 	C:\WINDOWS\System32\gdi32full.dll
0x00007ff80c290000 - 0x00007ff80c509000 	C:\WINDOWS\WinSxS\amd64_microsoft.windows.common-controls_6595b64144ccf1df_6.0.14393.447_none_42191651c6827bb3\COMCTL32.dll
0x00007ff8115f0000 - 0x00007ff8118b7000 	C:\WINDOWS\System32\combase.dll
0x00007ff810b60000 - 0x00007ff810c55000 	C:\WINDOWS\System32\ucrtbase.dll
0x00007ff810f40000 - 0x00007ff810faa000 	C:\WINDOWS\System32\bcryptPrimitives.dll
0x00007ff8110b0000 - 0x00007ff8110de000 	C:\WINDOWS\System32\IMM32.DLL
0x00000000765c0000 - 0x0000000076692000 	C:\Program Files\Java\jdk1.8.0_51\jre\bin\msvcr100.dll
0x0000000076d70000 - 0x00000000775f3000 	C:\Program Files\Java\jdk1.8.0_51\jre\bin\server\jvm.dll
0x00007ff811290000 - 0x00007ff811298000 	C:\WINDOWS\System32\PSAPI.DLL
0x00007ff803f30000 - 0x00007ff803f39000 	C:\WINDOWS\SYSTEM32\WSOCK32.dll
0x00007ff80d3d0000 - 0x00007ff80d3f3000 	C:\WINDOWS\SYSTEM32\WINMM.dll
0x00007ff813770000 - 0x00007ff8137da000 	C:\WINDOWS\System32\WS2_32.dll
0x00007ff80c660000 - 0x00007ff80c66a000 	C:\WINDOWS\SYSTEM32\VERSION.dll
0x00007ff80d3a0000 - 0x00007ff80d3cb000 	C:\WINDOWS\SYSTEM32\WINMMBASE.dll
0x00007ff80ff10000 - 0x00007ff80ff52000 	C:\WINDOWS\System32\cfgmgr32.dll
0x0000000051450000 - 0x000000005145f000 	C:\Program Files\Java\jdk1.8.0_51\jre\bin\verify.dll
0x00000000778f0000 - 0x0000000077919000 	C:\Program Files\Java\jdk1.8.0_51\jre\bin\java.dll
0x0000000050460000 - 0x0000000050476000 	C:\Program Files\Java\jdk1.8.0_51\jre\bin\zip.dll
0x00007ff812260000 - 0x00007ff813769000 	C:\WINDOWS\System32\SHELL32.dll
0x00007ff810420000 - 0x00007ff810afa000 	C:\WINDOWS\System32\windows.storage.dll
0x00007ff80fec0000 - 0x00007ff80ff0c000 	C:\WINDOWS\System32\powrprof.dll
0x00007ff811590000 - 0x00007ff8115e2000 	C:\WINDOWS\System32\shlwapi.dll
0x00007ff80fe90000 - 0x00007ff80fe9f000 	C:\WINDOWS\System32\kernel.appcore.dll
0x00007ff80ff60000 - 0x00007ff810009000 	C:\WINDOWS\System32\shcore.dll
0x00007ff80fea0000 - 0x00007ff80feb4000 	C:\WINDOWS\System32\profapi.dll
0x00007ff808b30000 - 0x00007ff808cc2000 	C:\WINDOWS\SYSTEM32\dbghelp.dll

VM Arguments:
jvm_args: -Djava.awt.headless=true -Xmx1024M -Dfile.encoding=windows-1252 -Duser.country=US -Duser.language=en -Duser.variant 
java_command: com.android.dx.command.Main --dex --num-threads=4 --output C:\Users\Mohamed Yasser\android projects\News\app\build\intermediates\pre-dexed\debug\com.android.support-design-24.2.1_7e271ce9eb05e0504b6186828b62c691835816fb.jar C:\Users\Mohamed Yasser\android projects\News\app\build\intermediates\exploded-aar\com.android.support\design\24.2.1\jars\classes.jar
java_class_path (initial): C:\Android\sdk\build-tools\24.0.0\lib\dx.jar
Launcher Type: SUN_STANDARD

Environment Variables:
JAVA_HOME=C:\Program Files\Java\jdk1.8.0_51\jre
CLASSPATH=%CLASSPATH%;%JUNIT_HOME%\junit4.10.jar;.;;C:\JUnit\junit4.10.jar;.;;C:\JUnit\junit4.10.jar;.;
PATH=C:\Program Files (x86)\Lenovo\FusionEngine;C:\Program Files (x86)\Intel\iCLS Client\;C:\Program Files\Intel\iCLS Client\;C:\WINDOWS\system32;C:\WINDOWS;C:\WINDOWS\System32\Wbem;C:\WINDOWS\System32\WindowsPowerShell\v1.0\;C:\Program Files\Intel\Intel(R) Management Engine Components\DAL;C:\Program Files\Intel\Intel(R) Management Engine Components\IPT;C:\Program Files (x86)\Intel\Intel(R) Management Engine Components\DAL;C:\Program Files (x86)\Intel\Intel(R) Management Engine Components\IPT;C:\Program Files\Intel\WiFi\bin\;C:\Program Files\Common Files\Intel\WirelessCommon\;C:\Program Files (x86)\Lenovo\Motion Control\;C:\Program Files (x86)\Common Files\lenovo\easyplussdk\bin;C:\Program Files\Java\jdk1.8.0_51\bin;C:\Users\Mohamed Yasser\AppData\Local\Android\sdk1\platform-tools;C:\sqlite;C:\Program Files (x86)\Skype\Phone\;C:\Program Files\OpenSSL\bin;C:\Program Files (x86)\Git\bin;C:\Program Files\TortoiseGit\bin;C:\Program Files (x86)\NVIDIA Corporation\PhysX\Common;%SystemRoot%\system32;%SystemRoot%;%SystemRoot%\System32\Wbem;%SYSTEMROOT%\System32\WindowsPowerShell\v1.0\;C:\Users\Mohamed Yasser\AppData\Local\Programs\Python\Python35\Scripts\;C:\Users\Mohamed Yasser\AppData\Local\Programs\Python\Python35\;C:\Users\Mohamed Yasser\AppData\Local\Microsoft\WindowsApps;
USERNAME=Mohamed Yasser
OS=Windows_NT
PROCESSOR_IDENTIFIER=Intel64 Family 6 Model 60 Stepping 3, GenuineIntel



---------------  S Y S T E M  ---------------

OS: Windows 10.0 , 64 bit Build 14393 (10.0.14393.0)

CPU:total 8 (4 cores per cpu, 2 threads per core) family 6 model 60 stepping 3, cmov, cx8, fxsr, mmx, sse, sse2, sse3, ssse3, sse4.1, sse4.2, popcnt, avx, avx2, aes, clmul, erms, lzcnt, ht, tsc, tscinvbit, bmi1, bmi2

Memory: 4k page, physical 16687384k(5964784k free), swap 16720152k(6868k free)

vm_info: Java HotSpot(TM) 64-Bit Server VM (25.51-b03) for windows-amd64 JRE (1.8.0_51-b16), built on Jun  8 2015 18:03:07 by "java_re" with MS VC++ 10.0 (VS2010)

time: Sun Nov 27 21:41:57 2016
elapsed time: 2 seconds (0d 0h 0m 2s)

